0 info it worked if it ends with ok
1 verbose cli [ 'D:\\Programmierung\\tools\\nodejs\\\\node.exe',
1 verbose cli   'D:\\Programmierung\\tools\\nodejs\\node_modules\\npm\\bin\\npm-cli.js',
1 verbose cli   'publish',
1 verbose cli   '-r',
1 verbose cli   'http://registry.atroo.de' ]
2 info using npm@1.4.28
3 info using node@v0.10.35
4 verbose node symlink D:\Programmierung\tools\nodejs\\node.exe
5 verbose publish [ '.' ]
6 verbose cache add [ '.', null ]
7 verbose cache add name=undefined spec="." args=[".",null]
8 verbose parsed url { protocol: null,
8 verbose parsed url   slashes: null,
8 verbose parsed url   auth: null,
8 verbose parsed url   host: null,
8 verbose parsed url   port: null,
8 verbose parsed url   hostname: null,
8 verbose parsed url   hash: null,
8 verbose parsed url   search: null,
8 verbose parsed url   query: null,
8 verbose parsed url   pathname: '.',
8 verbose parsed url   path: '.',
8 verbose parsed url   href: '.' }
9 silly lockFile 3a52ce78- .
10 verbose lock . C:\Users\Robert\AppData\Roaming\npm-cache\3a52ce78-.lock
11 verbose tar pack [ 'C:\\Users\\Robert\\AppData\\Roaming\\npm-cache\\hapi-webpack-dev-plugin\\0.0.10\\package.tgz',
11 verbose tar pack   '.' ]
12 verbose tarball C:\Users\Robert\AppData\Roaming\npm-cache\hapi-webpack-dev-plugin\0.0.10\package.tgz
13 verbose folder .
14 info prepublish hapi-webpack-dev-plugin@0.0.10
15 silly lockFile 1f1177db-tar tar://.
16 verbose lock tar://. C:\Users\Robert\AppData\Roaming\npm-cache\1f1177db-tar.lock
17 silly lockFile 12cb8f05-ck-dev-plugin-0-0-10-package-tgz tar://C:\Users\Robert\AppData\Roaming\npm-cache\hapi-webpack-dev-plugin\0.0.10\package.tgz
18 verbose lock tar://C:\Users\Robert\AppData\Roaming\npm-cache\hapi-webpack-dev-plugin\0.0.10\package.tgz C:\Users\Robert\AppData\Roaming\npm-cache\12cb8f05-ck-dev-plugin-0-0-10-package-tgz.lock
19 silly lockFile 1f1177db-tar tar://.
20 silly lockFile 1f1177db-tar tar://.
21 silly lockFile 12cb8f05-ck-dev-plugin-0-0-10-package-tgz tar://C:\Users\Robert\AppData\Roaming\npm-cache\hapi-webpack-dev-plugin\0.0.10\package.tgz
22 silly lockFile 12cb8f05-ck-dev-plugin-0-0-10-package-tgz tar://C:\Users\Robert\AppData\Roaming\npm-cache\hapi-webpack-dev-plugin\0.0.10\package.tgz
23 silly lockFile f93615a6-ebpack-dev-plugin-0-0-10-package C:\Users\Robert\AppData\Roaming\npm-cache\hapi-webpack-dev-plugin\0.0.10\package
24 verbose lock C:\Users\Robert\AppData\Roaming\npm-cache\hapi-webpack-dev-plugin\0.0.10\package C:\Users\Robert\AppData\Roaming\npm-cache\f93615a6-ebpack-dev-plugin-0-0-10-package.lock
25 silly lockFile f93615a6-ebpack-dev-plugin-0-0-10-package C:\Users\Robert\AppData\Roaming\npm-cache\hapi-webpack-dev-plugin\0.0.10\package
26 silly lockFile f93615a6-ebpack-dev-plugin-0-0-10-package C:\Users\Robert\AppData\Roaming\npm-cache\hapi-webpack-dev-plugin\0.0.10\package
27 silly lockFile 3a52ce78- .
28 silly lockFile 3a52ce78- .
29 silly publish { name: 'hapi-webpack-dev-plugin',
29 silly publish   version: '0.0.10',
29 silly publish   description: 'a plugin to integrate the web-pack-dev-server as a hapi plugin into a hapi server instead of using express',
29 silly publish   main: 'src/plugin.js',
29 silly publish   scripts: { test: 'echo "Error: no test specified" && exit 1' },
29 silly publish   keywords: [ 'hapi', 'webpack', 'devserver', 'server', 'dev' ],
29 silly publish   author: { name: 'atroo', url: 'info@atroo.de' },
29 silly publish   repository:
29 silly publish    { type: 'git',
29 silly publish      url: 'https://github.com/atroo/hapi-webpack-dev-server-plugin' },
29 silly publish   license: 'ISC',
29 silly publish   devDependencies:
29 silly publish    { chai: '^1.9.2',
29 silly publish      'chai-spies': '^0.5.1',
29 silly publish      gulp: '^3.8.10',
29 silly publish      'gulp-connect': '^2.2.0',
29 silly publish      'gulp-mocha': '^1.1.1',
29 silly publish      'gulp-util': '^3.0.1',
29 silly publish      hapi: '8.x.x',
29 silly publish      webpack: '^1.4.12',
29 silly publish      wreck: '^5.0.1' },
29 silly publish   dependencies:
29 silly publish    { boom: '^2.6.0',
29 silly publish      jquery: '^2.1.1',
29 silly publish      'memory-fs': '^0.1.0',
29 silly publish      mime: '^1.2.11',
29 silly publish      'socket.io': '^1.3.3' },
29 silly publish   readme: 'hapi-webpack-dev-server-plugin\r\n==============================\r\n\r\nThis is a plugin for hapijs providing the necessary routes to function as a webpack-dev-server for the [awesome webpack project](http://webpack.github.io/) directly in hapijs. The actual [Webpack-dev-server](https://github.com/webpack/webpack-dev-server) is implemented with express.js and since we are heavily using the fabulous [hapijs](http://hapijs.com/) as our main backend framework we found it very useful to have everything right there. This avoids tweaking SOP related things just for dev purposes.\r\n\r\nJust like the original webpack-dev-server we also want to give out a quick warning: \r\n\r\n*DON\'T USE THIS PLUGIN IN PRODUCTION!*\r\n\r\nRequirements: hapijs ^8.x.x\r\n\r\nState: In Progress (meaning not hot code replacement at the moment, but auto relaoding works just fine)\r\n\r\nBasic Usage\r\n=====\r\n\r\nwe tend to structure our apps like\r\n```javascript\r\n- server_plugin\r\n    index.js\r\n- webpack_frontend\r\n    - src\r\n        main.js\r\n    webpack.config.js\r\nserver.js\r\n```\r\n\r\nwith that structure in mind you\'d setup the dev-server-plugin in the server.js as follows\r\n\r\n```javascript\r\nvar Webpack = require(\'webpack\');\r\nvar Hapi = require(\'hapi\');\r\n\r\n//basic webpack config, see webpack api docs for all options\r\nvar webpackConf = require(\'./webpack_frontend/webpack.config.js\');\r\nwebpackConf.entry = {\r\n    app: \'./webpack_frontend/src/main.js\' //this is needed to have the correct relative paths for the webpack compiler which now runs from the base dir rather than from webpack_frontend\r\n};\r\nwebpackConf.devtool = \'source-map\';\r\n\r\n//create the webpack compiler\r\ncompiler = Webpack(webPackConfig);\r\n\r\n//create hapi server\r\nserver = new Hapi.Server();\r\nserver.connection({\r\n\tport: port,\r\n\thost: address\r\n});\r\n\r\n//start server and register dev server as plugin\r\nserver.start(function () {\r\n  server.register({\r\n    register: require(\'hapi-webpack-dev-plugin\'),\r\n    options: {\r\n      compiler: compiler,\r\n      //no loginfo\r\n      quiet: true,\r\n      //where is the index.html located\r\n      devIndex: ".", //not needed if devView is configured\r\n      devView: { //allows to configure a view with whatever engine hapi has been configured to induce e.e. session information on startup\r\n            name: \'main.html\',\r\n            data: function (request) {\r\n                var tplData = {\r\n                    "entrypoint": "dist/app.js"\r\n                };\r\n                return tplData;\r\n            }\r\n        }\r\n      /*\r\n      ,watchDelay: 200\r\n      ,noInfo: false\r\n      ,headers: {\r\n      x-dynamic-content: true\r\n      }\r\n      */\r\n    }\r\n    }, function (err) {\r\n      console.log(err);\r\n  });\r\n});\r\n\r\n```\r\n\r\nConfig Options\r\n==============\r\n\r\n<ul>\r\n\t<li>compiler - the webpack compiler</li>\r\n\t<li>devIndex - path to the dev index.html file. Is ignored if devView is configured. defaults to index.html in the cwd</li>\r\n\t<li>devView</li>\r\n</ul>\r\n```javascript\r\n{\r\n\tname: "the name of the view" // mandatory, elsewise the devIndex will be used\r\n\tdata: "tplData" // an object, a function which gets passed in the request, or empty - data is supposed to determine tplData for the view\r\n}\r\n\r\n```\r\n<ul>\r\n\t<li>\r\n\t\tquiet - turns off webpack compiler logging\r\n\t</li>\r\n\t<li>watchDelay - determines how frequently file changes are monitored</li>\r\n\t<li>headers - hash of headers to add to webpack-dev-server-plugin served files</li>\r\n</ul>\r\n\r\nQuestions?\r\n==============\r\n\r\nFeel free to ask questions if anything is badly described!\r\n\r\ninfo@atroo.de or an Issue!\r\n\r\n\r\n',
29 silly publish   readmeFilename: 'README.md',
29 silly publish   gitHead: '69e28cb0a08804ccbee575c0d10891d35217a4e0',
29 silly publish   bugs: { url: 'https://github.com/atroo/hapi-webpack-dev-server-plugin/issues' },
29 silly publish   homepage: 'https://github.com/atroo/hapi-webpack-dev-server-plugin',
29 silly publish   _id: 'hapi-webpack-dev-plugin@0.0.10',
29 silly publish   _shasum: '6a13c0c97647d703bed2326ed143510165545697',
29 silly publish   _from: '.' }
30 verbose request where is /hapi-webpack-dev-plugin
31 verbose request registry http://registry.atroo.de/
32 verbose request id 640a287a9713f86d
33 verbose url raw /hapi-webpack-dev-plugin
34 verbose url resolving [ 'http://registry.atroo.de/', './hapi-webpack-dev-plugin' ]
35 verbose url resolved http://registry.atroo.de/hapi-webpack-dev-plugin
36 verbose request where is http://registry.atroo.de/hapi-webpack-dev-plugin
37 info trying registry request attempt 1 at 17:02:20
38 http PUT http://registry.atroo.de/hapi-webpack-dev-plugin
39 http 409 http://registry.atroo.de/hapi-webpack-dev-plugin
40 verbose headers { server: 'nginx/1.7.8',
40 verbose headers   date: 'Wed, 04 Feb 2015 16:02:33 GMT',
40 verbose headers   'content-type': 'application/json; charset=utf-8',
40 verbose headers   'content-length': '46',
40 verbose headers   connection: 'keep-alive',
40 verbose headers   'x-powered-by': 'Sinopia/1.0.0',
40 verbose headers   vary: 'Accept-Encoding',
40 verbose headers   'x-status-cat': 'http://flic.kr/p/aV6jzz' }
41 verbose request where is /hapi-webpack-dev-plugin?write=true
42 verbose request registry http://registry.atroo.de/
43 verbose url raw /hapi-webpack-dev-plugin?write=true
44 verbose url resolving [ 'http://registry.atroo.de/',
44 verbose url resolving   './hapi-webpack-dev-plugin?write=true' ]
45 verbose url resolved http://registry.atroo.de/hapi-webpack-dev-plugin?write=true
46 verbose request where is http://registry.atroo.de/hapi-webpack-dev-plugin?write=true
47 info trying registry request attempt 1 at 17:02:27
48 http GET http://registry.atroo.de/hapi-webpack-dev-plugin?write=true
49 http 200 http://registry.atroo.de/hapi-webpack-dev-plugin?write=true
50 error publish fail Cannot publish over existing version.
50 error publish fail Update the 'version' field in package.json and try again.
50 error publish fail
50 error publish fail If the previous version was published in error, see:
50 error publish fail     npm help unpublish
50 error publish fail
50 error publish fail To automatically increment version numbers, see:
50 error publish fail     npm help version
51 error System Windows_NT 6.2.9200
52 error command "D:\\Programmierung\\tools\\nodejs\\\\node.exe" "D:\\Programmierung\\tools\\nodejs\\node_modules\\npm\\bin\\npm-cli.js" "publish" "-r" "http://registry.atroo.de"
53 error cwd D:\Programmierung\workspaces\brackets\hapi-webpack-dev-server-plugin
54 error node -v v0.10.35
55 error npm -v 1.4.28
56 error code EPUBLISHCONFLICT
57 verbose exit [ 1, true ]
